0 info it worked if it ends with ok
1 verbose cli [ '/usr/bin/node', '/usr/bin/npm', 'start' ]
2 info using npm@3.10.9
3 info using node@v7.0.0
4 verbose run-script [ 'prestart', 'start', 'poststart' ]
5 info lifecycle @~prestart: @
6 silly lifecycle @~prestart: no script for prestart, continuing
7 info lifecycle @~start: @
8 verbose lifecycle @~start: unsafe-perm in lifecycle true
9 verbose lifecycle @~start: PATH: /usr/lib64/node_modules/npm/bin/node-gyp-bin:/home/dakk/Repositories/MyRepos/Helperbit/insurance-eth/old2/node_modules/.bin:/home/dakk/.opam/4.03.0/bin:/usr/local/bin:/usr/bin:/bin:/opt/bin:/usr/x86_64-pc-linux-gnu/gcc-bin/4.9.3:/usr/lib64/opencascade-6.9.0/ros/lin/bin:/opt/android-sdk-update-manager/tools:/opt/android-sdk-update-manager/platform-tools:/opt/nvidia-cg-toolkit/bin:/usr/games/bin:/opt/cuda/bin:/home/dakk/.rvm/bin:/home/dakk/.multirust/toolchains/stable/cargo/bin
10 verbose lifecycle @~start: CWD: /home/dakk/Repositories/MyRepos/Helperbit/insurance-eth/old2
11 silly lifecycle @~start: Args: [ '-c', './node_modules/ethereumjs-testrpc/bin/testrpc' ]
12 info lifecycle @~start: Failed to exec start script
13 verbose stack Error: @ start: `./node_modules/ethereumjs-testrpc/bin/testrpc`
13 verbose stack spawn ENOENT
13 verbose stack     at ChildProcess.<anonymous> (/usr/lib64/node_modules/npm/lib/utils/spawn.js:33:16)
13 verbose stack     at emitTwo (events.js:106:13)
13 verbose stack     at ChildProcess.emit (events.js:191:7)
13 verbose stack     at maybeClose (internal/child_process.js:877:16)
13 verbose stack     at Process.ChildProcess._handle.onexit (internal/child_process.js:226:5)
14 verbose pkgid @
15 verbose cwd /home/dakk/Repositories/MyRepos/Helperbit/insurance-eth/old2
16 error Linux 4.4.6-1
17 error argv "/usr/bin/node" "/usr/bin/npm" "start"
18 error node v7.0.0
19 error npm  v3.10.9
20 error file sh
21 error code ELIFECYCLE
22 error errno ENOENT
23 error syscall spawn
24 error @ start: `./node_modules/ethereumjs-testrpc/bin/testrpc`
24 error spawn ENOENT
25 error Failed at the @ start script './node_modules/ethereumjs-testrpc/bin/testrpc'.
25 error Make sure you have the latest version of node.js and npm installed.
25 error If you do, this is most likely a problem with the  package,
25 error not with npm itself.
25 error Tell the author that this fails on your system:
25 error     ./node_modules/ethereumjs-testrpc/bin/testrpc
25 error You can get information on how to open an issue for this project with:
25 error     npm bugs
25 error Or if that isn't available, you can get their info via:
25 error     npm owner ls
25 error There is likely additional logging output above.
26 verbose exit [ 1, true ]
